build/app/outputs/mapping/release/mapping.txt
# compiler: R8
# compiler_version: 1.5.64
# min_api: 18
# pg_map_id: 9e100c9
...
com.google.android.gms.internal.ads.zzdgc -> com.google.android.gms.internal.ads.oc1:
    com.google.android.gms.internal.ads.zzeph zzgra -> g
    com.google.android.gms.internal.ads.zzeph zzfow -> c
    com.google.android.gms.internal.ads.zzeph zzeti -> d
    com.google.android.gms.internal.ads.zzeph zzesu -> e
    com.google.android.gms.internal.ads.zzeph zzfqr -> f
    com.google.android.gms.internal.ads.zzeph zzesr -> a
    com.google.android.gms.internal.ads.zzeph zzfnm -> b
    com.google.android.gms.internal.ads.zzdgc zzb(com.google.android.gms.internal.ads.zzeph,com.google.android.gms.internal.ads.zzeph,com.google.android.gms.internal.ads.zzeph,com.google.android.gms.internal.ads.zzeph,com.google.android.gms.internal.ads.zzeph,com.google.android.gms.internal.ads.zzeph,com.google.android.gms.internal.ads.zzeph) -> a
com.google.android.gms.internal.ads.zzdgd -> com.google.android.gms.internal.ads.pc1:
    java.util.List zzgxm -> a
com.google.android.gms.internal.ads.zzdge -> com.google.android.gms.internal.ads.qc1:
    android.content.Context zzvr -> c
    com.google.android.gms.internal.ads.zzdzb zzgcz -> b
    com.google.android.gms.internal.ads.zzawo zzbqq -> a
    com.google.android.gms.internal.ads.zzdzc zzarj() -> a
    com.google.android.gms.internal.ads.zzdgf zzarx() -> b
com.google.android.gms.internal.ads.zzdgf -> com.google.android.gms.internal.ads.rc1:
    java.lang.String zzdxp -> a
    java.lang.String zzgxo -> c
    java.lang.String zzgxn -> b
    java.lang.Long zzgxq -> e
    java.lang.String zzgxp -> d
    void zzs(java.lang.Object) -> a
com.google.android.gms.internal.ads.zzdgg -> com.google.android.gms.internal.ads.sc1:
    com.google.android.gms.internal.ads.zzeph zzesu -> c
    com.google.android.gms.internal.ads.zzeph zzfmk -> a
    com.google.android.gms.internal.ads.zzeph zzesr -> b
    com.google.android.gms.internal.ads.zzdgg zzv(com.google.android.gms.internal.ads.zzeph,com.google.android.gms.internal.ads.zzeph,com.google.android.gms.internal.ads.zzeph) -> a
com.google.android.gms.internal.ads.zzdgh -> com.google.android.gms.internal.ads.tc1:
    com.google.android.gms.internal.ads.zzdge zzgxr -> a
com.google.android.gms.internal.ads.zzdgi -> com.google.android.gms.internal.ads.uc1:
    android.content.Context zzvr -> b
    com.google.android.gms.internal.ads.zzbbx zzbpe -> c
    com.google.android.gms.internal.ads.zzdzb zzgcz -> a
    com.google.android.gms.internal.ads.zzdzc zzarj() -> a
    com.google.android.gms.internal.ads.zzdgj zzary() -> b
com.google.android.gms.internal.ads.zzdgj -> com.google.android.gms.internal.ads.vc1:
    int zzgxt -> f
    int zzgxu -> g
    int zzdri -> e
    boolean zzgxs -> a
    java.lang.String zzbre -> c
    boolean zzeeo -> b
    boolean zzdsf -> d
    void zzs(java.lang.Object) -> a
com.google.android.gms.internal.ads.zzdgk -> com.google.android.gms.internal.ads.wc1:
    com.google.android.gms.internal.ads.zzeph zzfmh -> c
    com.google.android.gms.internal.ads.zzeph zzesr -> a
    com.google.android.gms.internal.ads.zzeph zzesu -> b
    com.google.android.gms.internal.ads.zzdgk zzw(com.google.android.gms.internal.ads.zzeph,com.google.android.gms.internal.ads.zzeph,com.google.android.gms.internal.ads.zzeph) -> a
com.google.android.gms.internal.ads.zzdgl -> com.google.android.gms.internal.ads.xc1:
    com.google.android.gms.internal.ads.zzdgi zzgxv -> a
com.google.android.gms.internal.ads.zzdgm -> com.google.android.gms.internal.ads.yc1:
    com.google.android.gms.internal.ads.zzdgu zzgxw -> a
    void zzs(java.lang.Object) -> a
com.google.android.gms.internal.ads.zzdgn -> com.google.android.gms.internal.ads.zc1:
    boolean zzgxx -> a
    com.google.android.gms.internal.ads.zzdzc zzarj() -> a